2012-02-28 10:55:35.258 INFO  [o.v.h.u.r.JenaConnect] JenaConnect: Start
2012-02-28 10:55:35.261 DEBUG [o.v.h.u.a.ArgList] running JenaConnect
2012-02-28 10:55:35.262 DEBUG [o.v.h.u.a.ArgList] command line args: -j vivo.model.xml -q SELECT  count(?URI)  WHERE  {?URI <http://www.w3.org/1999/02/22-rdf-syntax-ns#type>  <http://vivo.ufl.edu/ontology/vivo-ufl/Course>. }
2012-02-28 10:55:35.274 TRACE [o.v.h.u.r.JenaConnect] 'dbLayout' - 'layout2'
2012-02-28 10:55:35.276 TRACE [o.v.h.u.r.JenaConnect] 'modelName' - 'http://vitro.mannlib.cornell.edu/default/vitro-kb-2'
2012-02-28 10:55:35.537 TRACE [o.v.h.u.r.JenaConnect] 'dbUrl' - 'jdbc:mysql://vivodevdb.cnqapw798fdt.us-east-1.rds.amazonaws.com:3306/vivo'
2012-02-28 10:55:35.537 TRACE [o.v.h.u.r.JenaConnect] 'dbClass' - 'com.mysql.jdbc.Driver'
2012-02-28 10:55:35.537 TRACE [o.v.h.u.r.JenaConnect] 'dbType' - 'MySQL'
2012-02-28 10:55:35.537 TRACE [o.v.h.u.r.JenaConnect] 'type' - 'sdb'
2012-02-28 10:55:36.460 INFO  [o.v.h.u.r.JenaConnect] JenaConnect: End
2012-02-28 10:55:40.830 INFO  [o.v.h.u.r.JenaConnect] JenaConnect: Start
2012-02-28 10:55:40.835 DEBUG [o.v.h.u.a.ArgList] running JenaConnect
2012-02-28 10:55:40.876 DEBUG [o.v.h.u.a.ArgList] command line args: -j vivo.model.xml -q SELECT  count(?URI)  WHERE  {?URI <http://www.w3.org/1999/02/22-rdf-syntax-ns#type>  <http://vivo.ufl.edu/ontology/vivo-ufl/CourseSection>. }
2012-02-28 10:55:40.896 TRACE [o.v.h.u.r.JenaConnect] 'dbLayout' - 'layout2'
2012-02-28 10:55:40.896 TRACE [o.v.h.u.r.JenaConnect] 'modelName' - 'http://vitro.mannlib.cornell.edu/default/vitro-kb-2'
2012-02-28 10:55:40.896 TRACE [o.v.h.u.r.JenaConnect] 'dbUrl' - 'jdbc:mysql://vivodevdb.cnqapw798fdt.us-east-1.rds.amazonaws.com:3306/vivo'
2012-02-28 10:55:40.897 TRACE [o.v.h.u.r.JenaConnect] 'dbClass' - 'com.mysql.jdbc.Driver'
2012-02-28 10:55:40.897 TRACE [o.v.h.u.r.JenaConnect] 'dbType' - 'MySQL'
2012-02-28 10:55:40.897 TRACE [o.v.h.u.r.JenaConnect] 'type' - 'sdb'
2012-02-28 10:55:41.955 INFO  [o.v.h.u.r.JenaConnect] JenaConnect: End
2012-02-28 10:55:46.383 INFO  [o.v.h.u.r.JenaConnect] JenaConnect: Start
2012-02-28 10:55:46.386 DEBUG [o.v.h.u.a.ArgList] running JenaConnect
2012-02-28 10:55:46.387 DEBUG [o.v.h.u.a.ArgList] command line args: -j vivo.model.xml -q SELECT count(?person) where { ?person <http://www.w3.org/1999/02/22-rdf-syntax-ns#type> <http://xmlns.com/foaf/0.1/Person>. }
2012-02-28 10:55:46.399 TRACE [o.v.h.u.r.JenaConnect] 'dbLayout' - 'layout2'
2012-02-28 10:55:46.400 TRACE [o.v.h.u.r.JenaConnect] 'modelName' - 'http://vitro.mannlib.cornell.edu/default/vitro-kb-2'
2012-02-28 10:55:46.400 TRACE [o.v.h.u.r.JenaConnect] 'dbUrl' - 'jdbc:mysql://vivodevdb.cnqapw798fdt.us-east-1.rds.amazonaws.com:3306/vivo'
2012-02-28 10:55:46.400 TRACE [o.v.h.u.r.JenaConnect] 'dbClass' - 'com.mysql.jdbc.Driver'
2012-02-28 10:55:46.400 TRACE [o.v.h.u.r.JenaConnect] 'dbType' - 'MySQL'
2012-02-28 10:55:46.400 TRACE [o.v.h.u.r.JenaConnect] 'type' - 'sdb'
2012-02-28 10:55:49.023 INFO  [o.v.h.u.r.JenaConnect] JenaConnect: End
2012-02-28 10:55:53.498 INFO  [o.v.h.u.r.JenaConnect] JenaConnect: Start
2012-02-28 10:55:53.501 DEBUG [o.v.h.u.a.ArgList] running JenaConnect
2012-02-28 10:55:53.502 DEBUG [o.v.h.u.a.ArgList] command line args: -j vivo.model.xml -q SELECT  count(?URI) WHERE { ?URI  <http://www.w3.org/1999/02/22-rdf-syntax-ns#type> <http://xmlns.com/foaf/0.1/Person>. ?URI <http://vivo.ufl.edu/ontology/vivo-ufl/ufid> ?UFID . }
2012-02-28 10:55:53.513 TRACE [o.v.h.u.r.JenaConnect] 'dbLayout' - 'layout2'
2012-02-28 10:55:53.513 TRACE [o.v.h.u.r.JenaConnect] 'modelName' - 'http://vitro.mannlib.cornell.edu/default/vitro-kb-2'
2012-02-28 10:55:53.513 TRACE [o.v.h.u.r.JenaConnect] 'dbUrl' - 'jdbc:mysql://vivodevdb.cnqapw798fdt.us-east-1.rds.amazonaws.com:3306/vivo'
2012-02-28 10:55:53.513 TRACE [o.v.h.u.r.JenaConnect] 'dbClass' - 'com.mysql.jdbc.Driver'
2012-02-28 10:55:53.513 TRACE [o.v.h.u.r.JenaConnect] 'dbType' - 'MySQL'
2012-02-28 10:55:53.513 TRACE [o.v.h.u.r.JenaConnect] 'type' - 'sdb'
2012-02-28 10:56:31.536 INFO  [o.v.h.u.r.JenaConnect] JenaConnect: End
2012-02-28 10:56:36.071 INFO  [o.v.h.u.r.JenaConnect] JenaConnect: Start
2012-02-28 10:56:36.075 DEBUG [o.v.h.u.a.ArgList] running JenaConnect
2012-02-28 10:56:36.076 DEBUG [o.v.h.u.a.ArgList] command line args: -j vivo.model.xml -q SELECT  count(?u) WHERE { ?u <http://www.w3.org/1999/02/22-rdf-syntax-ns#type> <http://xmlns.com/foaf/0.1/Person> . OPTIONAL {?u <http://vivo.ufl.edu/ontology/vivo-ufl/ufid> ?y . } FILTER (!bound(?y)) }
2012-02-28 10:56:36.087 TRACE [o.v.h.u.r.JenaConnect] 'dbLayout' - 'layout2'
2012-02-28 10:56:36.087 TRACE [o.v.h.u.r.JenaConnect] 'modelName' - 'http://vitro.mannlib.cornell.edu/default/vitro-kb-2'
2012-02-28 10:56:36.087 TRACE [o.v.h.u.r.JenaConnect] 'dbUrl' - 'jdbc:mysql://vivodevdb.cnqapw798fdt.us-east-1.rds.amazonaws.com:3306/vivo'
2012-02-28 10:56:36.087 TRACE [o.v.h.u.r.JenaConnect] 'dbClass' - 'com.mysql.jdbc.Driver'
2012-02-28 10:56:36.087 TRACE [o.v.h.u.r.JenaConnect] 'dbType' - 'MySQL'
2012-02-28 10:56:36.087 TRACE [o.v.h.u.r.JenaConnect] 'type' - 'sdb'
2012-02-28 10:57:13.479 INFO  [o.v.h.u.r.JenaConnect] JenaConnect: End
