2012-02-28 11:34:40.046 INFO  [o.v.h.u.CSVtoJDBC] CSVtoJDBC: Start
2012-02-28 11:34:40.050 DEBUG [o.v.h.u.a.ArgList] running CSVtoJDBC
2012-02-28 11:34:40.051 DEBUG [o.v.h.u.a.ArgList] command line args: -X csvtojdbc.config.xml
2012-02-28 11:34:40.063 DEBUG [o.v.h.u.a.ArgList] config file args: --username ****** --connection jdbc:h2:data/csv/store --tableName COURSES_CSV --inputFile course-input/coursevivo_course.csv --driver org.h2.Driver --password ******
2012-02-28 11:34:40.552 DEBUG [o.v.h.u.CSVtoJDBC] Create table command: 
CREATE TABLE COURSES_CSV( ROWID int NOT NULL, 
TERM TEXT ,
SECT TEXT ,
MEET_NO TEXT ,
INS_UFID TEXT ,
INSTRUCTOR TEXT ,
CRS TEXT ,
CRS_TITLE TEXT )
2012-02-28 11:34:40.560 DEBUG [o.v.h.u.CSVtoJDBC] Insert command: 
INSERT INTO COURSES_CSV ( ROWID, TERM, SECT, MEET_NO, INS_UFID, INSTRUCTOR, CRS, CRS_TITLE )
VALUES (0, '20088', '0571', '1', '00001060', 'Gordon,Mellissa Sasha', 'SLS2301', 'CAREER PLANNING')
2012-02-28 11:34:40.566 INFO  [o.v.h.u.CSVtoJDBC] CSVtoJDBC: End
2012-02-28 11:34:42.120 INFO  [o.v.h.f.JDBCFetch] JDBCFetch: Start
2012-02-28 11:34:42.125 DEBUG [o.v.h.u.a.ArgList] running JDBCFetch
2012-02-28 11:34:42.126 DEBUG [o.v.h.u.a.ArgList] command line args: -X jdbcfetch.config.xml
2012-02-28 11:34:42.137 DEBUG [o.v.h.u.a.ArgList] config file args: --username ****** --connection jdbc:h2:data/csv/store --driver org.h2.Driver --output raw-records.config.xml --password ******
2012-02-28 11:34:42.147 DEBUG [o.v.h.u.r.RecordHandler] 'fileDir' - 'data/raw-records'
2012-02-28 11:34:42.147 DEBUG [o.v.h.u.r.RecordHandler] 'rhClass' - 'org.vivoweb.harvester.util.repo.TextFileRecordHandler'
2012-02-28 11:34:42.147 DEBUG [o.v.h.u.r.RecordHandler] Using class: 'org.vivoweb.harvester.util.repo.TextFileRecordHandler'
2012-02-28 11:34:42.149 DEBUG [o.v.h.u.r.TextFileRecordHandler] Directory 'data/raw-records' Does Not Exist, attempting to create
2012-02-28 11:34:42.151 DEBUG [o.v.h.u.r.TextFileRecordHandler] Directory 'data/raw-records/.metadata' Does Not Exist, attempting to create
2012-02-28 11:34:42.901 DEBUG [o.v.h.f.JDBCFetch] Finding data column names for table: COURSES_CSV
2012-02-28 11:34:42.906 TRACE [o.v.h.f.JDBCFetch] Found data column: ROWID
2012-02-28 11:34:42.906 DEBUG [o.v.h.f.JDBCFetch] Finding relation column names for table: COURSES_CSV
2012-02-28 11:34:42.908 TRACE [o.v.h.f.JDBCFetch] Found data column: TERM
2012-02-28 11:34:42.908 DEBUG [o.v.h.f.JDBCFetch] Finding relation column names for table: COURSES_CSV
2012-02-28 11:34:42.910 TRACE [o.v.h.f.JDBCFetch] Found data column: SECT
2012-02-28 11:34:42.910 DEBUG [o.v.h.f.JDBCFetch] Finding relation column names for table: COURSES_CSV
2012-02-28 11:34:42.912 TRACE [o.v.h.f.JDBCFetch] Found data column: MEET_NO
2012-02-28 11:34:42.912 DEBUG [o.v.h.f.JDBCFetch] Finding relation column names for table: COURSES_CSV
2012-02-28 11:34:42.914 TRACE [o.v.h.f.JDBCFetch] Found data column: INS_UFID
2012-02-28 11:34:42.914 DEBUG [o.v.h.f.JDBCFetch] Finding relation column names for table: COURSES_CSV
2012-02-28 11:34:42.917 TRACE [o.v.h.f.JDBCFetch] Found data column: INSTRUCTOR
2012-02-28 11:34:42.918 DEBUG [o.v.h.f.JDBCFetch] Finding relation column names for table: COURSES_CSV
2012-02-28 11:34:42.919 TRACE [o.v.h.f.JDBCFetch] Found data column: CRS
2012-02-28 11:34:42.919 DEBUG [o.v.h.f.JDBCFetch] Finding relation column names for table: COURSES_CSV
2012-02-28 11:34:42.935 TRACE [o.v.h.f.JDBCFetch] Found data column: CRS_TITLE
2012-02-28 11:34:42.936 DEBUG [o.v.h.f.JDBCFetch] Finding relation column names for table: COURSES_CSV
2012-02-28 11:34:42.937 DEBUG [o.v.h.f.JDBCFetch] Finding relation column names for table: COURSES_CSV
2012-02-28 11:34:42.939 DEBUG [o.v.h.f.JDBCFetch] Finding id column names for table: COURSES_CSV
2012-02-28 11:34:42.941 TRACE [o.v.h.f.JDBCFetch] Found id column: ROWID
2012-02-28 11:34:42.941 TRACE [o.v.h.f.JDBCFetch] Generated SQL Query:
SELECT ROWID, TERM, SECT, MEET_NO, INS_UFID, INSTRUCTOR, CRS, CRS_TITLE, ROWID FROM COURSES_CSV
2012-02-28 11:34:42.946 DEBUG [o.v.h.f.JDBCFetch] Finding relation column names for table: COURSES_CSV
2012-02-28 11:34:42.948 TRACE [o.v.h.f.JDBCFetch] Adding record: COURSES_CSV_id_-_0
2012-02-28 11:34:43.049 INFO  [o.v.h.f.JDBCFetch] Added 1 Records
2012-02-28 11:34:43.051 INFO  [o.v.h.f.JDBCFetch] JDBCFetch: End
2012-02-28 11:34:46.158 INFO  [o.v.h.t.XSLTranslator] XSLTranslator: Start
2012-02-28 11:34:46.162 DEBUG [o.v.h.u.a.ArgList] running XSLTranslator
2012-02-28 11:34:46.163 DEBUG [o.v.h.u.a.ArgList] command line args: -X xsltranslator.config.xml
2012-02-28 11:34:46.169 DEBUG [o.v.h.u.a.ArgList] config file args: --input raw-records.config.xml --xslFile courses-to-vivo.xsl --force --output translated-records.config.xml
2012-02-28 11:34:46.177 DEBUG [o.v.h.u.r.RecordHandler] 'fileDir' - 'data/raw-records'
2012-02-28 11:34:46.177 DEBUG [o.v.h.u.r.RecordHandler] 'rhClass' - 'org.vivoweb.harvester.util.repo.TextFileRecordHandler'
2012-02-28 11:34:46.177 DEBUG [o.v.h.u.r.RecordHandler] Using class: 'org.vivoweb.harvester.util.repo.TextFileRecordHandler'
2012-02-28 11:34:46.180 DEBUG [o.v.h.u.r.RecordHandler] 'fileDir' - 'data/translated-records'
2012-02-28 11:34:46.180 DEBUG [o.v.h.u.r.RecordHandler] 'rhClass' - 'org.vivoweb.harvester.util.repo.TextFileRecordHandler'
2012-02-28 11:34:46.180 DEBUG [o.v.h.u.r.RecordHandler] Using class: 'org.vivoweb.harvester.util.repo.TextFileRecordHandler'
2012-02-28 11:34:46.180 DEBUG [o.v.h.u.r.TextFileRecordHandler] Directory 'data/translated-records' Does Not Exist, attempting to create
2012-02-28 11:34:46.182 DEBUG [o.v.h.u.r.TextFileRecordHandler] Directory 'data/translated-records/.metadata' Does Not Exist, attempting to create
2012-02-28 11:34:46.187 DEBUG [o.v.h.u.r.TextFileRecordHandler] Compiling list of records
2012-02-28 11:34:46.189 DEBUG [o.v.h.u.r.TextFileRecordHandler] List compiled
2012-02-28 11:34:46.190 TRACE [o.v.h.t.XSLTranslator] Translating Record COURSES_CSV_id_-_0
2012-02-28 11:34:46.645 INFO  [o.v.h.t.XSLTranslator] 1 records translated.
2012-02-28 11:34:46.645 INFO  [o.v.h.t.XSLTranslator] 0 records did not need translation
2012-02-28 11:34:46.646 INFO  [o.v.h.t.XSLTranslator] XSLTranslator: End
