2012-02-28 10:19:46.750 INFO  [o.v.h.u.r.JenaConnect] JenaConnect: Start
2012-02-28 10:19:46.754 DEBUG [o.v.h.u.a.ArgList] running JenaConnect
2012-02-28 10:19:46.755 DEBUG [o.v.h.u.a.ArgList] command line args: -j vivo.model.xml -q SELECT  count(?URI)  WHERE  {?URI <http://www.w3.org/1999/02/22-rdf-syntax-ns#type>  <http://vivo.ufl.edu/ontology/vivo-ufl/Course>. }
2012-02-28 10:19:46.766 TRACE [o.v.h.u.r.JenaConnect] 'dbLayout' - 'layout2'
2012-02-28 10:19:46.767 TRACE [o.v.h.u.r.JenaConnect] 'modelName' - 'http://vitro.mannlib.cornell.edu/default/vitro-kb-2'
2012-02-28 10:19:46.767 TRACE [o.v.h.u.r.JenaConnect] 'dbUrl' - 'jdbc:mysql://vivodevdb.cnqapw798fdt.us-east-1.rds.amazonaws.com:3306/vivo'
2012-02-28 10:19:46.767 TRACE [o.v.h.u.r.JenaConnect] 'dbClass' - 'com.mysql.jdbc.Driver'
2012-02-28 10:19:46.767 TRACE [o.v.h.u.r.JenaConnect] 'dbType' - 'MySQL'
2012-02-28 10:19:46.767 TRACE [o.v.h.u.r.JenaConnect] 'type' - 'sdb'
2012-02-28 10:19:47.755 INFO  [o.v.h.u.r.JenaConnect] JenaConnect: End
2012-02-28 10:19:52.072 INFO  [o.v.h.u.r.JenaConnect] JenaConnect: Start
2012-02-28 10:19:52.076 DEBUG [o.v.h.u.a.ArgList] running JenaConnect
2012-02-28 10:19:52.077 DEBUG [o.v.h.u.a.ArgList] command line args: -j vivo.model.xml -q SELECT  count(?URI)  WHERE  {?URI <http://www.w3.org/1999/02/22-rdf-syntax-ns#type>  <http://vivo.ufl.edu/ontology/vivo-ufl/CourseSection>. }
2012-02-28 10:19:52.086 TRACE [o.v.h.u.r.JenaConnect] 'dbLayout' - 'layout2'
2012-02-28 10:19:52.086 TRACE [o.v.h.u.r.JenaConnect] 'modelName' - 'http://vitro.mannlib.cornell.edu/default/vitro-kb-2'
2012-02-28 10:19:52.086 TRACE [o.v.h.u.r.JenaConnect] 'dbUrl' - 'jdbc:mysql://vivodevdb.cnqapw798fdt.us-east-1.rds.amazonaws.com:3306/vivo'
2012-02-28 10:19:52.086 TRACE [o.v.h.u.r.JenaConnect] 'dbClass' - 'com.mysql.jdbc.Driver'
2012-02-28 10:19:52.086 TRACE [o.v.h.u.r.JenaConnect] 'dbType' - 'MySQL'
2012-02-28 10:19:52.086 TRACE [o.v.h.u.r.JenaConnect] 'type' - 'sdb'
2012-02-28 10:19:53.061 INFO  [o.v.h.u.r.JenaConnect] JenaConnect: End
2012-02-28 10:19:57.338 INFO  [o.v.h.u.r.JenaConnect] JenaConnect: Start
2012-02-28 10:19:57.341 DEBUG [o.v.h.u.a.ArgList] running JenaConnect
2012-02-28 10:19:57.342 DEBUG [o.v.h.u.a.ArgList] command line args: -j vivo.model.xml -q SELECT count(?person) where { ?person <http://www.w3.org/1999/02/22-rdf-syntax-ns#type> <http://xmlns.com/foaf/0.1/Person>. }
2012-02-28 10:19:57.350 TRACE [o.v.h.u.r.JenaConnect] 'dbLayout' - 'layout2'
2012-02-28 10:19:57.350 TRACE [o.v.h.u.r.JenaConnect] 'modelName' - 'http://vitro.mannlib.cornell.edu/default/vitro-kb-2'
2012-02-28 10:19:57.351 TRACE [o.v.h.u.r.JenaConnect] 'dbUrl' - 'jdbc:mysql://vivodevdb.cnqapw798fdt.us-east-1.rds.amazonaws.com:3306/vivo'
2012-02-28 10:19:57.351 TRACE [o.v.h.u.r.JenaConnect] 'dbClass' - 'com.mysql.jdbc.Driver'
2012-02-28 10:19:57.351 TRACE [o.v.h.u.r.JenaConnect] 'dbType' - 'MySQL'
2012-02-28 10:19:57.351 TRACE [o.v.h.u.r.JenaConnect] 'type' - 'sdb'
2012-02-28 10:19:59.622 INFO  [o.v.h.u.r.JenaConnect] JenaConnect: End
2012-02-28 10:20:04.068 INFO  [o.v.h.u.r.JenaConnect] JenaConnect: Start
2012-02-28 10:20:04.071 DEBUG [o.v.h.u.a.ArgList] running JenaConnect
2012-02-28 10:20:04.072 DEBUG [o.v.h.u.a.ArgList] command line args: -j vivo.model.xml -q SELECT  count(?URI) WHERE { ?URI  <http://www.w3.org/1999/02/22-rdf-syntax-ns#type> <http://xmlns.com/foaf/0.1/Person>. ?URI <http://vivo.ufl.edu/ontology/vivo-ufl/ufid> ?UFID . }
2012-02-28 10:20:04.084 TRACE [o.v.h.u.r.JenaConnect] 'dbLayout' - 'layout2'
2012-02-28 10:20:04.084 TRACE [o.v.h.u.r.JenaConnect] 'modelName' - 'http://vitro.mannlib.cornell.edu/default/vitro-kb-2'
2012-02-28 10:20:04.084 TRACE [o.v.h.u.r.JenaConnect] 'dbUrl' - 'jdbc:mysql://vivodevdb.cnqapw798fdt.us-east-1.rds.amazonaws.com:3306/vivo'
2012-02-28 10:20:04.084 TRACE [o.v.h.u.r.JenaConnect] 'dbClass' - 'com.mysql.jdbc.Driver'
2012-02-28 10:20:04.084 TRACE [o.v.h.u.r.JenaConnect] 'dbType' - 'MySQL'
2012-02-28 10:20:04.084 TRACE [o.v.h.u.r.JenaConnect] 'type' - 'sdb'
2012-02-28 10:20:43.116 INFO  [o.v.h.u.r.JenaConnect] JenaConnect: End
2012-02-28 10:20:47.515 INFO  [o.v.h.u.r.JenaConnect] JenaConnect: Start
2012-02-28 10:20:47.518 DEBUG [o.v.h.u.a.ArgList] running JenaConnect
2012-02-28 10:20:47.519 DEBUG [o.v.h.u.a.ArgList] command line args: -j vivo.model.xml -q SELECT  count(?u) WHERE { ?u <http://www.w3.org/1999/02/22-rdf-syntax-ns#type> <http://xmlns.com/foaf/0.1/Person> . OPTIONAL {?u <http://vivo.ufl.edu/ontology/vivo-ufl/ufid> ?y . } FILTER (!bound(?y)) }
2012-02-28 10:20:47.527 TRACE [o.v.h.u.r.JenaConnect] 'dbLayout' - 'layout2'
2012-02-28 10:20:47.527 TRACE [o.v.h.u.r.JenaConnect] 'modelName' - 'http://vitro.mannlib.cornell.edu/default/vitro-kb-2'
2012-02-28 10:20:47.527 TRACE [o.v.h.u.r.JenaConnect] 'dbUrl' - 'jdbc:mysql://vivodevdb.cnqapw798fdt.us-east-1.rds.amazonaws.com:3306/vivo'
2012-02-28 10:20:47.527 TRACE [o.v.h.u.r.JenaConnect] 'dbClass' - 'com.mysql.jdbc.Driver'
2012-02-28 10:20:47.527 TRACE [o.v.h.u.r.JenaConnect] 'dbType' - 'MySQL'
2012-02-28 10:20:47.527 TRACE [o.v.h.u.r.JenaConnect] 'type' - 'sdb'
2012-02-28 10:21:26.808 INFO  [o.v.h.u.r.JenaConnect] JenaConnect: End
