2012-02-28 11:34:47.478 INFO  [o.v.h.u.r.JenaConnect] JenaConnect: Start
2012-02-28 11:34:47.482 DEBUG [o.v.h.u.a.ArgList] running JenaConnect
2012-02-28 11:34:47.483 DEBUG [o.v.h.u.a.ArgList] command line args: -j vivo.model.xml -q SELECT  count(?URI)  WHERE  {?URI <http://www.w3.org/1999/02/22-rdf-syntax-ns#type>  <http://vivo.ufl.edu/ontology/vivo-ufl/Course>. }
2012-02-28 11:34:47.493 TRACE [o.v.h.u.r.JenaConnect] 'dbLayout' - 'layout2'
2012-02-28 11:34:47.493 TRACE [o.v.h.u.r.JenaConnect] 'modelName' - 'http://vitro.mannlib.cornell.edu/default/vitro-kb-2'
2012-02-28 11:34:47.493 TRACE [o.v.h.u.r.JenaConnect] 'dbUrl' - 'jdbc:mysql://vivodevdb.cnqapw798fdt.us-east-1.rds.amazonaws.com:3306/vivo'
2012-02-28 11:34:47.493 TRACE [o.v.h.u.r.JenaConnect] 'dbClass' - 'com.mysql.jdbc.Driver'
2012-02-28 11:34:47.493 TRACE [o.v.h.u.r.JenaConnect] 'dbType' - 'MySQL'
2012-02-28 11:34:47.493 TRACE [o.v.h.u.r.JenaConnect] 'type' - 'sdb'
2012-02-28 11:34:48.489 INFO  [o.v.h.u.r.JenaConnect] JenaConnect: End
2012-02-28 11:34:51.216 INFO  [o.v.h.u.r.JenaConnect] JenaConnect: Start
2012-02-28 11:34:51.219 DEBUG [o.v.h.u.a.ArgList] running JenaConnect
2012-02-28 11:34:51.220 DEBUG [o.v.h.u.a.ArgList] command line args: -j vivo.model.xml -q SELECT  count(?URI)  WHERE  {?URI <http://www.w3.org/1999/02/22-rdf-syntax-ns#type>  <http://vivo.ufl.edu/ontology/vivo-ufl/CourseSection>. }
2012-02-28 11:34:51.247 TRACE [o.v.h.u.r.JenaConnect] 'dbLayout' - 'layout2'
2012-02-28 11:34:51.247 TRACE [o.v.h.u.r.JenaConnect] 'modelName' - 'http://vitro.mannlib.cornell.edu/default/vitro-kb-2'
2012-02-28 11:34:51.247 TRACE [o.v.h.u.r.JenaConnect] 'dbUrl' - 'jdbc:mysql://vivodevdb.cnqapw798fdt.us-east-1.rds.amazonaws.com:3306/vivo'
2012-02-28 11:34:51.247 TRACE [o.v.h.u.r.JenaConnect] 'dbClass' - 'com.mysql.jdbc.Driver'
2012-02-28 11:34:51.247 TRACE [o.v.h.u.r.JenaConnect] 'dbType' - 'MySQL'
2012-02-28 11:34:51.247 TRACE [o.v.h.u.r.JenaConnect] 'type' - 'sdb'
2012-02-28 11:34:52.205 INFO  [o.v.h.u.r.JenaConnect] JenaConnect: End
2012-02-28 11:34:53.035 INFO  [o.v.h.u.r.JenaConnect] JenaConnect: Start
2012-02-28 11:34:53.039 DEBUG [o.v.h.u.a.ArgList] running JenaConnect
2012-02-28 11:34:53.040 DEBUG [o.v.h.u.a.ArgList] command line args: -j vivo.model.xml -q SELECT count(?person) where { ?person <http://www.w3.org/1999/02/22-rdf-syntax-ns#type> <http://xmlns.com/foaf/0.1/Person>. }
2012-02-28 11:34:53.057 TRACE [o.v.h.u.r.JenaConnect] 'dbLayout' - 'layout2'
2012-02-28 11:34:53.057 TRACE [o.v.h.u.r.JenaConnect] 'modelName' - 'http://vitro.mannlib.cornell.edu/default/vitro-kb-2'
2012-02-28 11:34:53.057 TRACE [o.v.h.u.r.JenaConnect] 'dbUrl' - 'jdbc:mysql://vivodevdb.cnqapw798fdt.us-east-1.rds.amazonaws.com:3306/vivo'
2012-02-28 11:34:53.057 TRACE [o.v.h.u.r.JenaConnect] 'dbClass' - 'com.mysql.jdbc.Driver'
2012-02-28 11:34:53.057 TRACE [o.v.h.u.r.JenaConnect] 'dbType' - 'MySQL'
2012-02-28 11:34:53.057 TRACE [o.v.h.u.r.JenaConnect] 'type' - 'sdb'
2012-02-28 11:34:55.569 INFO  [o.v.h.u.r.JenaConnect] JenaConnect: End
2012-02-28 11:34:56.399 INFO  [o.v.h.u.r.JenaConnect] JenaConnect: Start
2012-02-28 11:34:56.403 DEBUG [o.v.h.u.a.ArgList] running JenaConnect
2012-02-28 11:34:56.404 DEBUG [o.v.h.u.a.ArgList] command line args: -j vivo.model.xml -q SELECT  count(?URI) WHERE { ?URI  <http://www.w3.org/1999/02/22-rdf-syntax-ns#type> <http://xmlns.com/foaf/0.1/Person>. ?URI <http://vivo.ufl.edu/ontology/vivo-ufl/ufid> ?UFID . }
2012-02-28 11:34:56.420 TRACE [o.v.h.u.r.JenaConnect] 'dbLayout' - 'layout2'
2012-02-28 11:34:56.420 TRACE [o.v.h.u.r.JenaConnect] 'modelName' - 'http://vitro.mannlib.cornell.edu/default/vitro-kb-2'
2012-02-28 11:34:56.420 TRACE [o.v.h.u.r.JenaConnect] 'dbUrl' - 'jdbc:mysql://vivodevdb.cnqapw798fdt.us-east-1.rds.amazonaws.com:3306/vivo'
2012-02-28 11:34:56.420 TRACE [o.v.h.u.r.JenaConnect] 'dbClass' - 'com.mysql.jdbc.Driver'
2012-02-28 11:34:56.420 TRACE [o.v.h.u.r.JenaConnect] 'dbType' - 'MySQL'
2012-02-28 11:34:56.420 TRACE [o.v.h.u.r.JenaConnect] 'type' - 'sdb'
