2012-02-27 14:57:10.079 INFO  [o.v.h.u.r.JenaConnect] JenaConnect: Start
2012-02-27 14:57:10.083 DEBUG [o.v.h.u.a.ArgList] running JenaConnect
2012-02-27 14:57:10.084 DEBUG [o.v.h.u.a.ArgList] command line args: -j vivo.model.xml -q SELECT  count(?URI)  WHERE  {?URI <http://www.w3.org/1999/02/22-rdf-syntax-ns#type>  <http://vivo.ufl.edu/ontology/vivo-ufl/Course>. }
2012-02-27 14:57:10.107 TRACE [o.v.h.u.r.JenaConnect] 'dbLayout' - 'layout2'
2012-02-27 14:57:10.108 TRACE [o.v.h.u.r.JenaConnect] 'modelName' - 'http://vitro.mannlib.cornell.edu/default/vitro-kb-2'
2012-02-27 14:57:10.108 TRACE [o.v.h.u.r.JenaConnect] 'dbUrl' - 'jdbc:mysql://vivodevdb.cnqapw798fdt.us-east-1.rds.amazonaws.com:3306/vivo'
2012-02-27 14:57:10.108 TRACE [o.v.h.u.r.JenaConnect] 'dbClass' - 'com.mysql.jdbc.Driver'
2012-02-27 14:57:10.108 TRACE [o.v.h.u.r.JenaConnect] 'dbType' - 'MySQL'
2012-02-27 14:57:10.108 TRACE [o.v.h.u.r.JenaConnect] 'type' - 'sdb'
2012-02-27 14:57:11.469 INFO  [o.v.h.u.r.JenaConnect] JenaConnect: End
2012-02-27 14:57:58.668 INFO  [o.v.h.u.r.JenaConnect] JenaConnect: Start
2012-02-27 14:57:58.671 DEBUG [o.v.h.u.a.ArgList] running JenaConnect
2012-02-27 14:57:58.672 DEBUG [o.v.h.u.a.ArgList] command line args: -j vivo.model.xml -q SELECT  count(?URI)  WHERE  {?URI <http://www.w3.org/1999/02/22-rdf-syntax-ns#type>  <http://vivo.ufl.edu/ontology/vivo-ufl/CourseSection>. }
2012-02-27 14:57:58.686 TRACE [o.v.h.u.r.JenaConnect] 'dbLayout' - 'layout2'
2012-02-27 14:57:58.686 TRACE [o.v.h.u.r.JenaConnect] 'modelName' - 'http://vitro.mannlib.cornell.edu/default/vitro-kb-2'
2012-02-27 14:57:58.686 TRACE [o.v.h.u.r.JenaConnect] 'dbUrl' - 'jdbc:mysql://vivodevdb.cnqapw798fdt.us-east-1.rds.amazonaws.com:3306/vivo'
2012-02-27 14:57:58.686 TRACE [o.v.h.u.r.JenaConnect] 'dbClass' - 'com.mysql.jdbc.Driver'
2012-02-27 14:57:58.686 TRACE [o.v.h.u.r.JenaConnect] 'dbType' - 'MySQL'
2012-02-27 14:57:58.686 TRACE [o.v.h.u.r.JenaConnect] 'type' - 'sdb'
2012-02-27 14:57:59.773 INFO  [o.v.h.u.r.JenaConnect] JenaConnect: End
2012-02-27 14:58:46.973 INFO  [o.v.h.u.r.JenaConnect] JenaConnect: Start
2012-02-27 14:58:46.976 DEBUG [o.v.h.u.a.ArgList] running JenaConnect
2012-02-27 14:58:46.977 DEBUG [o.v.h.u.a.ArgList] command line args: -j vivo.model.xml -q SELECT count(?person) where { ?person <http://www.w3.org/1999/02/22-rdf-syntax-ns#type> <http://xmlns.com/foaf/0.1/Person>. }
2012-02-27 14:58:46.985 TRACE [o.v.h.u.r.JenaConnect] 'dbLayout' - 'layout2'
2012-02-27 14:58:46.985 TRACE [o.v.h.u.r.JenaConnect] 'modelName' - 'http://vitro.mannlib.cornell.edu/default/vitro-kb-2'
2012-02-27 14:58:46.985 TRACE [o.v.h.u.r.JenaConnect] 'dbUrl' - 'jdbc:mysql://vivodevdb.cnqapw798fdt.us-east-1.rds.amazonaws.com:3306/vivo'
2012-02-27 14:58:46.985 TRACE [o.v.h.u.r.JenaConnect] 'dbClass' - 'com.mysql.jdbc.Driver'
2012-02-27 14:58:46.985 TRACE [o.v.h.u.r.JenaConnect] 'dbType' - 'MySQL'
2012-02-27 14:58:46.985 TRACE [o.v.h.u.r.JenaConnect] 'type' - 'sdb'
2012-02-27 14:58:49.296 INFO  [o.v.h.u.r.JenaConnect] JenaConnect: End
2012-02-27 14:59:35.655 INFO  [o.v.h.u.r.JenaConnect] JenaConnect: Start
2012-02-27 14:59:35.658 DEBUG [o.v.h.u.a.ArgList] running JenaConnect
2012-02-27 14:59:35.659 DEBUG [o.v.h.u.a.ArgList] command line args: -j vivo.model.xml -q SELECT  count(?URI) WHERE { ?URI  <http://www.w3.org/1999/02/22-rdf-syntax-ns#type> <http://xmlns.com/foaf/0.1/Person>. ?URI <http://vivo.ufl.edu/ontology/vivo-ufl/ufid> ?UFID . }
2012-02-27 14:59:35.667 TRACE [o.v.h.u.r.JenaConnect] 'dbLayout' - 'layout2'
2012-02-27 14:59:35.667 TRACE [o.v.h.u.r.JenaConnect] 'modelName' - 'http://vitro.mannlib.cornell.edu/default/vitro-kb-2'
2012-02-27 14:59:35.667 TRACE [o.v.h.u.r.JenaConnect] 'dbUrl' - 'jdbc:mysql://vivodevdb.cnqapw798fdt.us-east-1.rds.amazonaws.com:3306/vivo'
2012-02-27 14:59:35.667 TRACE [o.v.h.u.r.JenaConnect] 'dbClass' - 'com.mysql.jdbc.Driver'
2012-02-27 14:59:35.667 TRACE [o.v.h.u.r.JenaConnect] 'dbType' - 'MySQL'
2012-02-27 14:59:35.667 TRACE [o.v.h.u.r.JenaConnect] 'type' - 'sdb'
2012-02-27 15:00:12.829 INFO  [o.v.h.u.r.JenaConnect] JenaConnect: End
2012-02-27 15:00:59.038 INFO  [o.v.h.u.r.JenaConnect] JenaConnect: Start
2012-02-27 15:00:59.041 DEBUG [o.v.h.u.a.ArgList] running JenaConnect
2012-02-27 15:00:59.042 DEBUG [o.v.h.u.a.ArgList] command line args: -j vivo.model.xml -q SELECT  count(?u) WHERE { ?u <http://www.w3.org/1999/02/22-rdf-syntax-ns#type> <http://xmlns.com/foaf/0.1/Person> . OPTIONAL {?u <http://vivo.ufl.edu/ontology/vivo-ufl/ufid> ?y . } FILTER (!bound(?y)) }
2012-02-27 15:00:59.056 TRACE [o.v.h.u.r.JenaConnect] 'dbLayout' - 'layout2'
2012-02-27 15:00:59.056 TRACE [o.v.h.u.r.JenaConnect] 'modelName' - 'http://vitro.mannlib.cornell.edu/default/vitro-kb-2'
2012-02-27 15:00:59.056 TRACE [o.v.h.u.r.JenaConnect] 'dbUrl' - 'jdbc:mysql://vivodevdb.cnqapw798fdt.us-east-1.rds.amazonaws.com:3306/vivo'
2012-02-27 15:00:59.057 TRACE [o.v.h.u.r.JenaConnect] 'dbClass' - 'com.mysql.jdbc.Driver'
2012-02-27 15:00:59.057 TRACE [o.v.h.u.r.JenaConnect] 'dbType' - 'MySQL'
2012-02-27 15:00:59.057 TRACE [o.v.h.u.r.JenaConnect] 'type' - 'sdb'
2012-02-27 15:01:35.981 INFO  [o.v.h.u.r.JenaConnect] JenaConnect: End
