2012-02-28 15:22:53.825 INFO  [o.v.h.u.r.JenaConnect] JenaConnect: Start
2012-02-28 15:22:53.828 DEBUG [o.v.h.u.a.ArgList] running JenaConnect
2012-02-28 15:22:53.829 DEBUG [o.v.h.u.a.ArgList] command line args: -j vivo.model.xml -q SELECT  count(?URI)  WHERE  {?URI <http://www.w3.org/1999/02/22-rdf-syntax-ns#type>  <http://vivo.ufl.edu/ontology/vivo-ufl/Course>. }
2012-02-28 15:22:53.846 TRACE [o.v.h.u.r.JenaConnect] 'dbLayout' - 'layout2'
2012-02-28 15:22:53.846 TRACE [o.v.h.u.r.JenaConnect] 'modelName' - 'http://vitro.mannlib.cornell.edu/default/vitro-kb-2'
2012-02-28 15:22:53.847 TRACE [o.v.h.u.r.JenaConnect] 'dbUrl' - 'jdbc:mysql://vivodevdb.cnqapw798fdt.us-east-1.rds.amazonaws.com:3306/vivo'
2012-02-28 15:22:53.847 TRACE [o.v.h.u.r.JenaConnect] 'dbClass' - 'com.mysql.jdbc.Driver'
2012-02-28 15:22:53.847 TRACE [o.v.h.u.r.JenaConnect] 'dbType' - 'MySQL'
2012-02-28 15:22:53.847 TRACE [o.v.h.u.r.JenaConnect] 'type' - 'sdb'
2012-02-28 15:22:55.045 INFO  [o.v.h.u.r.JenaConnect] JenaConnect: End
2012-02-28 15:22:59.498 INFO  [o.v.h.u.r.JenaConnect] JenaConnect: Start
2012-02-28 15:22:59.501 DEBUG [o.v.h.u.a.ArgList] running JenaConnect
2012-02-28 15:22:59.502 DEBUG [o.v.h.u.a.ArgList] command line args: -j vivo.model.xml -q SELECT  count(?URI)  WHERE  {?URI <http://www.w3.org/1999/02/22-rdf-syntax-ns#type>  <http://vivo.ufl.edu/ontology/vivo-ufl/CourseSection>. }
2012-02-28 15:22:59.510 TRACE [o.v.h.u.r.JenaConnect] 'dbLayout' - 'layout2'
2012-02-28 15:22:59.510 TRACE [o.v.h.u.r.JenaConnect] 'modelName' - 'http://vitro.mannlib.cornell.edu/default/vitro-kb-2'
2012-02-28 15:22:59.510 TRACE [o.v.h.u.r.JenaConnect] 'dbUrl' - 'jdbc:mysql://vivodevdb.cnqapw798fdt.us-east-1.rds.amazonaws.com:3306/vivo'
2012-02-28 15:22:59.510 TRACE [o.v.h.u.r.JenaConnect] 'dbClass' - 'com.mysql.jdbc.Driver'
2012-02-28 15:22:59.510 TRACE [o.v.h.u.r.JenaConnect] 'dbType' - 'MySQL'
2012-02-28 15:22:59.510 TRACE [o.v.h.u.r.JenaConnect] 'type' - 'sdb'
2012-02-28 15:23:00.993 INFO  [o.v.h.u.r.JenaConnect] JenaConnect: End
2012-02-28 15:23:05.270 INFO  [o.v.h.u.r.JenaConnect] JenaConnect: Start
2012-02-28 15:23:05.273 DEBUG [o.v.h.u.a.ArgList] running JenaConnect
2012-02-28 15:23:05.274 DEBUG [o.v.h.u.a.ArgList] command line args: -j vivo.model.xml -q SELECT count(?person) where { ?person <http://www.w3.org/1999/02/22-rdf-syntax-ns#type> <http://xmlns.com/foaf/0.1/Person>. }
2012-02-28 15:23:05.282 TRACE [o.v.h.u.r.JenaConnect] 'dbLayout' - 'layout2'
2012-02-28 15:23:05.282 TRACE [o.v.h.u.r.JenaConnect] 'modelName' - 'http://vitro.mannlib.cornell.edu/default/vitro-kb-2'
2012-02-28 15:23:05.282 TRACE [o.v.h.u.r.JenaConnect] 'dbUrl' - 'jdbc:mysql://vivodevdb.cnqapw798fdt.us-east-1.rds.amazonaws.com:3306/vivo'
2012-02-28 15:23:05.282 TRACE [o.v.h.u.r.JenaConnect] 'dbClass' - 'com.mysql.jdbc.Driver'
2012-02-28 15:23:05.282 TRACE [o.v.h.u.r.JenaConnect] 'dbType' - 'MySQL'
2012-02-28 15:23:05.282 TRACE [o.v.h.u.r.JenaConnect] 'type' - 'sdb'
2012-02-28 15:23:07.527 INFO  [o.v.h.u.r.JenaConnect] JenaConnect: End
2012-02-28 15:23:11.889 INFO  [o.v.h.u.r.JenaConnect] JenaConnect: Start
2012-02-28 15:23:11.893 DEBUG [o.v.h.u.a.ArgList] running JenaConnect
2012-02-28 15:23:11.894 DEBUG [o.v.h.u.a.ArgList] command line args: -j vivo.model.xml -q SELECT  count(?URI) WHERE { ?URI  <http://www.w3.org/1999/02/22-rdf-syntax-ns#type> <http://xmlns.com/foaf/0.1/Person>. ?URI <http://vivo.ufl.edu/ontology/vivo-ufl/ufid> ?UFID . }
2012-02-28 15:23:11.901 TRACE [o.v.h.u.r.JenaConnect] 'dbLayout' - 'layout2'
2012-02-28 15:23:11.901 TRACE [o.v.h.u.r.JenaConnect] 'modelName' - 'http://vitro.mannlib.cornell.edu/default/vitro-kb-2'
2012-02-28 15:23:11.901 TRACE [o.v.h.u.r.JenaConnect] 'dbUrl' - 'jdbc:mysql://vivodevdb.cnqapw798fdt.us-east-1.rds.amazonaws.com:3306/vivo'
2012-02-28 15:23:11.902 TRACE [o.v.h.u.r.JenaConnect] 'dbClass' - 'com.mysql.jdbc.Driver'
2012-02-28 15:23:11.902 TRACE [o.v.h.u.r.JenaConnect] 'dbType' - 'MySQL'
2012-02-28 15:23:11.902 TRACE [o.v.h.u.r.JenaConnect] 'type' - 'sdb'
2012-02-28 15:23:56.886 INFO  [o.v.h.u.r.JenaConnect] JenaConnect: End
2012-02-28 15:24:01.318 INFO  [o.v.h.u.r.JenaConnect] JenaConnect: Start
2012-02-28 15:24:01.322 DEBUG [o.v.h.u.a.ArgList] running JenaConnect
2012-02-28 15:24:01.323 DEBUG [o.v.h.u.a.ArgList] command line args: -j vivo.model.xml -q SELECT  count(?u) WHERE { ?u <http://www.w3.org/1999/02/22-rdf-syntax-ns#type> <http://xmlns.com/foaf/0.1/Person> . OPTIONAL {?u <http://vivo.ufl.edu/ontology/vivo-ufl/ufid> ?y . } FILTER (!bound(?y)) }
2012-02-28 15:24:01.341 TRACE [o.v.h.u.r.JenaConnect] 'dbLayout' - 'layout2'
2012-02-28 15:24:01.342 TRACE [o.v.h.u.r.JenaConnect] 'modelName' - 'http://vitro.mannlib.cornell.edu/default/vitro-kb-2'
2012-02-28 15:24:01.342 TRACE [o.v.h.u.r.JenaConnect] 'dbUrl' - 'jdbc:mysql://vivodevdb.cnqapw798fdt.us-east-1.rds.amazonaws.com:3306/vivo'
2012-02-28 15:24:01.342 TRACE [o.v.h.u.r.JenaConnect] 'dbClass' - 'com.mysql.jdbc.Driver'
2012-02-28 15:24:01.342 TRACE [o.v.h.u.r.JenaConnect] 'dbType' - 'MySQL'
2012-02-28 15:24:01.342 TRACE [o.v.h.u.r.JenaConnect] 'type' - 'sdb'
2012-02-28 15:24:48.710 INFO  [o.v.h.u.r.JenaConnect] JenaConnect: End
