2014-07-28 10:08:16.390 ERROR [o.v.h.s.ListRDF] Missing Argument: f
2014-07-28 10:08:16.417 DEBUG [o.v.h.s.ListRDF] Stacktrace:
java.lang.IllegalArgumentException: Missing Argument: f
	at org.vivoweb.harvester.util.args.ArgList.<init>(ArgList.java:102) ~[harvester.jar:na]
	at org.vivoweb.harvester.util.args.ArgParser.parse(ArgParser.java:125) ~[harvester.jar:na]
	at org.vivoweb.harvester.util.InitLog.initLogger(InitLog.java:130) ~[harvester.jar:na]
	at org.vivoweb.harvester.services.ListRDF.main(ListRDF.java:150) ~[harvester.jar:na]
2014-07-28 10:08:16.433 INFO  [o.v.h.s.ListRDF] ListRDF: End
2014-07-28 11:31:25.301 INFO  [o.v.h.s.ListRDF] ListRDF: Start
2014-07-28 11:31:25.315 DEBUG [o.v.h.u.a.ArgList] running ListRDF
2014-07-28 11:31:25.318 DEBUG [o.v.h.u.a.ArgList] command line args: -X listrdf.conf.xml
2014-07-28 11:31:25.337 DEBUG [o.v.h.u.a.ArgList] config file args: --vclass http://vivoweb.org/ontology/core#Continent --wordiness INFO --format text --url http://localhost:8080/vivo/api/sparqlQuery
2014-07-28 11:31:26.572 INFO  [o.v.h.s.ListRDF] ListRDF: End
2014-07-28 11:38:18.973 ERROR [o.v.h.s.ListRDF] Missing Argument: u
2014-07-28 11:38:19.001 DEBUG [o.v.h.s.ListRDF] Stacktrace:
java.lang.IllegalArgumentException: Missing Argument: u
	at org.vivoweb.harvester.util.args.ArgList.<init>(ArgList.java:102) ~[harvester.jar:na]
	at org.vivoweb.harvester.util.args.ArgParser.parse(ArgParser.java:125) ~[harvester.jar:na]
	at org.vivoweb.harvester.util.InitLog.initLogger(InitLog.java:130) ~[harvester.jar:na]
	at org.vivoweb.harvester.services.ListRDF.main(ListRDF.java:201) ~[harvester.jar:na]
2014-07-28 11:38:19.018 INFO  [o.v.h.s.ListRDF] ListRDF: End
2014-07-28 11:39:12.983 ERROR [o.v.h.s.ListRDF] Missing Argument: u
2014-07-28 11:39:13.011 DEBUG [o.v.h.s.ListRDF] Stacktrace:
java.lang.IllegalArgumentException: Missing Argument: u
	at org.vivoweb.harvester.util.args.ArgList.<init>(ArgList.java:102) ~[harvester.jar:na]
	at org.vivoweb.harvester.util.args.ArgParser.parse(ArgParser.java:125) ~[harvester.jar:na]
	at org.vivoweb.harvester.util.InitLog.initLogger(InitLog.java:130) ~[harvester.jar:na]
	at org.vivoweb.harvester.services.ListRDF.main(ListRDF.java:201) ~[harvester.jar:na]
2014-07-28 11:39:13.027 INFO  [o.v.h.s.ListRDF] ListRDF: End
2014-07-28 11:40:09.889 INFO  [o.v.h.s.ListRDF] ListRDF: Start
2014-07-28 11:40:09.903 DEBUG [o.v.h.u.a.ArgList] running ListRDF
2014-07-28 11:40:09.906 DEBUG [o.v.h.u.a.ArgList] command line args: -X listrdf.conf.xml
2014-07-28 11:40:09.927 DEBUG [o.v.h.u.a.ArgList] config file args: --username ****** --vclass http://vivoweb.org/ontology/core#Continent --wordiness INFO --format text --password ****** --url http://localhost:8080/vivo/listrdf
2014-07-28 11:40:11.163 INFO  [o.v.h.s.ListRDF] ListRDF: End
2014-07-28 11:40:54.202 INFO  [o.v.h.s.ListRDF] ListRDF: Start
2014-07-28 11:40:54.216 DEBUG [o.v.h.u.a.ArgList] running ListRDF
2014-07-28 11:40:54.219 DEBUG [o.v.h.u.a.ArgList] command line args: -X listrdf.conf.xml
2014-07-28 11:40:54.240 DEBUG [o.v.h.u.a.ArgList] config file args: --username ****** --vclass http://vivoweb.org/ontology/core#Continent --wordiness INFO --format ntriples --password ****** --url http://localhost:8080/vivo/listrdf
2014-07-28 11:40:55.474 INFO  [o.v.h.s.ListRDF] ListRDF: End
2014-07-28 11:44:45.465 INFO  [o.v.h.s.ListRDF] ListRDF: Start
2014-07-28 11:44:45.479 DEBUG [o.v.h.u.a.ArgList] running ListRDF
2014-07-28 11:44:45.482 DEBUG [o.v.h.u.a.ArgList] command line args: -X listrdf.conf.xml
2014-07-28 11:44:45.503 DEBUG [o.v.h.u.a.ArgList] config file args: --username ****** --vclass http://vivoweb.org/ontology/core#Continent --wordiness INFO --format ntriples --password ****** --url http://localhost:8080/vivo/listrdf
2014-07-28 11:44:46.715 INFO  [o.v.h.s.ListRDF] ListRDF: End
2014-07-28 11:45:55.808 INFO  [o.v.h.s.ListRDF] ListRDF: Start
2014-07-28 11:45:55.822 DEBUG [o.v.h.u.a.ArgList] running ListRDF
2014-07-28 11:45:55.825 DEBUG [o.v.h.u.a.ArgList] command line args: -X listrdf.conf.xml
2014-07-28 11:45:55.846 DEBUG [o.v.h.u.a.ArgList] config file args: --username ****** --vclass http://vivoweb.org/ontology/core#Continent --wordiness INFO --format text --password ****** --url http://localhost:8080/vivo/listrdf
2014-07-28 11:45:57.070 INFO  [o.v.h.s.ListRDF] ListRDF: End
2014-07-28 12:19:12.246 INFO  [o.v.h.s.ListRDF] ListRDF: Start
2014-07-28 12:19:12.260 DEBUG [o.v.h.u.a.ArgList] running ListRDF
2014-07-28 12:19:12.263 DEBUG [o.v.h.u.a.ArgList] command line args: -X listrdf.conf.xml
2014-07-28 12:19:12.284 DEBUG [o.v.h.u.a.ArgList] config file args: --username ****** --vclass http://vivoweb.org/ontology/core#Continent --wordiness INFO --format text --password ****** --url http://localhost:8080/vivo/listrdf
2014-07-28 12:19:13.489 INFO  [o.v.h.s.ListRDF] ListRDF: End
