2012-03-13 08:38:43.684 INFO  [o.v.h.t.XSLTranslator] XSLTranslator: Start
2012-03-13 08:38:43.689 DEBUG [o.v.h.u.a.ArgList] running XSLTranslator
2012-03-13 08:38:43.690 DEBUG [o.v.h.u.a.ArgList] command line args: -X xsltranslator.config.xml
2012-03-13 08:38:43.695 DEBUG [o.v.h.u.a.ArgList] config file args: --input raw-records.config.xml --xslFile ctsaip-to-vivo.datamap.xsl --force --output translated-records.config.xml
2012-03-13 08:38:43.702 DEBUG [o.v.h.u.r.RecordHandler] 'fileDir' - '/home/drspeedo/VIVO/ctsaip-data'
2012-03-13 08:38:43.703 DEBUG [o.v.h.u.r.RecordHandler] 'rhClass' - 'org.vivoweb.harvester.util.repo.TextFileRecordHandler'
2012-03-13 08:38:43.703 DEBUG [o.v.h.u.r.RecordHandler] Using class: 'org.vivoweb.harvester.util.repo.TextFileRecordHandler'
2012-03-13 08:38:43.708 DEBUG [o.v.h.u.r.RecordHandler] 'fileDir' - 'data/translated-records'
2012-03-13 08:38:43.709 DEBUG [o.v.h.u.r.RecordHandler] 'rhClass' - 'org.vivoweb.harvester.util.repo.TextFileRecordHandler'
2012-03-13 08:38:43.709 DEBUG [o.v.h.u.r.RecordHandler] Using class: 'org.vivoweb.harvester.util.repo.TextFileRecordHandler'
2012-03-13 08:38:43.709 DEBUG [o.v.h.u.r.TextFileRecordHandler] Directory 'data/translated-records' Does Not Exist, attempting to create
2012-03-13 08:38:43.712 DEBUG [o.v.h.u.r.TextFileRecordHandler] Directory 'data/translated-records/.metadata' Does Not Exist, attempting to create
2012-03-13 08:38:43.718 DEBUG [o.v.h.u.r.TextFileRecordHandler] Compiling list of records
2012-03-13 08:38:43.722 DEBUG [o.v.h.u.r.TextFileRecordHandler] List compiled
2012-03-13 08:38:44.013 TRACE [o.v.h.t.XSLTranslator] Translating Record ctsai-data-file.xml
2012-03-13 08:38:46.651 INFO  [o.v.h.t.XSLTranslator] 1 records translated.
2012-03-13 08:38:46.652 INFO  [o.v.h.t.XSLTranslator] 0 records did not need translation
2012-03-13 08:38:46.652 INFO  [o.v.h.t.XSLTranslator] XSLTranslator: End
2012-03-13 08:38:47.477 INFO  [o.v.h.t.Transfer] Transfer: Start
2012-03-13 08:38:47.482 DEBUG [o.v.h.u.a.ArgList] running Transfer
2012-03-13 08:38:47.484 DEBUG [o.v.h.u.a.ArgList] command line args: -s translated-records.config.xml -o harvested-data.model.xml -d data/harvested-data/imported-records.rdf.xml
2012-03-13 08:38:47.511 TRACE [o.v.h.u.r.JenaConnect] 'dbDir' - 'data/harvested-data/'
2012-03-13 08:38:47.511 TRACE [o.v.h.u.r.JenaConnect] 'type' - 'tdb'
2012-03-13 08:38:48.431 DEBUG [o.v.h.u.r.RecordHandler] 'fileDir' - 'data/translated-records'
2012-03-13 08:38:48.431 DEBUG [o.v.h.u.r.RecordHandler] 'rhClass' - 'org.vivoweb.harvester.util.repo.TextFileRecordHandler'
2012-03-13 08:38:48.432 DEBUG [o.v.h.u.r.RecordHandler] Using class: 'org.vivoweb.harvester.util.repo.TextFileRecordHandler'
2012-03-13 08:38:48.434 DEBUG [o.v.h.u.r.TextFileRecordHandler] Compiling list of records
2012-03-13 08:38:48.436 DEBUG [o.v.h.u.r.TextFileRecordHandler] List compiled
2012-03-13 08:38:48.630 TRACE [o.v.h.u.r.JenaConnect] loading record: ctsai-data-file.xml
2012-03-13 08:38:55.761 INFO  [o.v.h.t.Transfer] Transfer: End
2012-03-13 08:38:56.607 INFO  [o.v.h.q.Qualify] Qualify: Start
2012-03-13 08:38:56.622 DEBUG [o.v.h.u.a.ArgList] running Qualify
2012-03-13 08:38:56.623 DEBUG [o.v.h.u.a.ArgList] command line args: -X qualify.conf.xml
2012-03-13 08:38:56.628 DEBUG [o.v.h.u.a.ArgList] config file args: --dataType http://purl.org/ontology/bibo/abstract --value   --regexMatch (<br>) --jenaConfig harvested-data.model.xml --wordiness ALL
2012-03-13 08:38:56.639 TRACE [o.v.h.u.r.JenaConnect] 'dbDir' - 'data/harvested-data/'
2012-03-13 08:38:56.639 TRACE [o.v.h.u.r.JenaConnect] 'type' - 'tdb'
2012-03-13 08:38:57.460 INFO  [o.v.h.q.Qualify] Qualify: End
2012-03-13 08:38:58.293 INFO  [o.v.h.t.Transfer] Transfer: Start
2012-03-13 08:38:58.298 DEBUG [o.v.h.u.a.ArgList] running Transfer
2012-03-13 08:38:58.300 DEBUG [o.v.h.u.a.ArgList] command line args: -i harvested-data.model.xml -d data/harvested-data/exported-records.rdf.xml
2012-03-13 08:38:58.315 TRACE [o.v.h.u.r.JenaConnect] 'dbDir' - 'data/harvested-data/'
2012-03-13 08:38:58.315 TRACE [o.v.h.u.r.JenaConnect] 'type' - 'tdb'
2012-03-13 08:38:59.131 TRACE [o.v.h.u.r.MemJenaConnect] attempting to create temp file for: DEFAULT988207302
2012-03-13 08:38:59.132 TRACE [o.v.h.u.FileAide] Allocating temporary file space /tmp/DEFAULT9882073024796687830035338664.tdb  
2012-03-13 08:38:59.132 TRACE [o.v.h.u.r.MemJenaConnect] created: /tmp/DEFAULT9882073024796687830035338664.tdb
2012-03-13 08:38:59.154 DEBUG [o.v.h.t.Transfer] No Output Specified, Using In-Memory Jena Model As Temporary Model
2012-03-13 08:39:04.208 INFO  [o.v.h.t.Transfer] Transfer: End
2012-03-13 08:39:04.251 WARN  [o.v.h.u.FileAide] Failed to delete temporary file space /tmp/DEFAULT9882073024796687830035338664.tdb, please remove manually  
