2012-03-13 08:30:30.504 INFO  [o.v.h.t.XSLTranslator] XSLTranslator: Start
2012-03-13 08:30:30.508 DEBUG [o.v.h.u.a.ArgList] running XSLTranslator
2012-03-13 08:30:30.509 DEBUG [o.v.h.u.a.ArgList] command line args: -X xsltranslator.config.xml
2012-03-13 08:30:30.513 DEBUG [o.v.h.u.a.ArgList] config file args: --input raw-records.config.xml --xslFile ctsaip-to-vivo.datamap.xsl --force --output translated-records.config.xml
2012-03-13 08:30:30.520 DEBUG [o.v.h.u.r.RecordHandler] 'fileDir' - '/home/drspeedo/VIVO/ctsaip-data'
2012-03-13 08:30:30.520 DEBUG [o.v.h.u.r.RecordHandler] 'rhClass' - 'org.vivoweb.harvester.util.repo.TextFileRecordHandler'
2012-03-13 08:30:30.520 DEBUG [o.v.h.u.r.RecordHandler] Using class: 'org.vivoweb.harvester.util.repo.TextFileRecordHandler'
2012-03-13 08:30:30.526 DEBUG [o.v.h.u.r.RecordHandler] 'fileDir' - 'data/translated-records'
2012-03-13 08:30:30.526 DEBUG [o.v.h.u.r.RecordHandler] 'rhClass' - 'org.vivoweb.harvester.util.repo.TextFileRecordHandler'
2012-03-13 08:30:30.526 DEBUG [o.v.h.u.r.RecordHandler] Using class: 'org.vivoweb.harvester.util.repo.TextFileRecordHandler'
2012-03-13 08:30:30.527 DEBUG [o.v.h.u.r.TextFileRecordHandler] Directory 'data/translated-records' Does Not Exist, attempting to create
2012-03-13 08:30:30.529 DEBUG [o.v.h.u.r.TextFileRecordHandler] Directory 'data/translated-records/.metadata' Does Not Exist, attempting to create
2012-03-13 08:30:30.534 DEBUG [o.v.h.u.r.TextFileRecordHandler] Compiling list of records
2012-03-13 08:30:30.538 DEBUG [o.v.h.u.r.TextFileRecordHandler] List compiled
2012-03-13 08:30:30.786 TRACE [o.v.h.t.XSLTranslator] Translating Record ctsai-data-file.xml
2012-03-13 08:30:33.326 INFO  [o.v.h.t.XSLTranslator] 1 records translated.
2012-03-13 08:30:33.326 INFO  [o.v.h.t.XSLTranslator] 0 records did not need translation
2012-03-13 08:30:33.327 INFO  [o.v.h.t.XSLTranslator] XSLTranslator: End
2012-03-13 08:30:34.147 INFO  [o.v.h.t.Transfer] Transfer: Start
2012-03-13 08:30:34.152 DEBUG [o.v.h.u.a.ArgList] running Transfer
2012-03-13 08:30:34.153 DEBUG [o.v.h.u.a.ArgList] command line args: -s translated-records.config.xml -o harvested-data.model.xml -d data/harvested-data/imported-records.rdf.xml
2012-03-13 08:30:34.168 TRACE [o.v.h.u.r.JenaConnect] 'dbDir' - 'data/harvested-data/'
2012-03-13 08:30:34.169 TRACE [o.v.h.u.r.JenaConnect] 'type' - 'tdb'
2012-03-13 08:30:35.008 DEBUG [o.v.h.u.r.RecordHandler] 'fileDir' - 'data/translated-records'
2012-03-13 08:30:35.008 DEBUG [o.v.h.u.r.RecordHandler] 'rhClass' - 'org.vivoweb.harvester.util.repo.TextFileRecordHandler'
2012-03-13 08:30:35.008 DEBUG [o.v.h.u.r.RecordHandler] Using class: 'org.vivoweb.harvester.util.repo.TextFileRecordHandler'
2012-03-13 08:30:35.011 DEBUG [o.v.h.u.r.TextFileRecordHandler] Compiling list of records
2012-03-13 08:30:35.013 DEBUG [o.v.h.u.r.TextFileRecordHandler] List compiled
2012-03-13 08:30:35.201 TRACE [o.v.h.u.r.JenaConnect] loading record: ctsai-data-file.xml
2012-03-13 08:30:42.704 INFO  [o.v.h.t.Transfer] Transfer: End
2012-03-13 08:30:43.738 INFO  [o.v.h.q.Qualify] Qualify: Start
2012-03-13 08:30:43.743 DEBUG [o.v.h.u.a.ArgList] running Qualify
2012-03-13 08:30:43.744 DEBUG [o.v.h.u.a.ArgList] command line args: -X qualify.conf.xml
2012-03-13 08:30:43.749 DEBUG [o.v.h.u.a.ArgList] config file args: --dataType http://purl.org/ontology/bibo/abstract --value   --regexMatch (<br>) --jenaConfig harvested-data.model.xml --wordiness ALL
2012-03-13 08:30:43.760 TRACE [o.v.h.u.r.JenaConnect] 'dbDir' - 'data/harvested-data/'
2012-03-13 08:30:43.761 TRACE [o.v.h.u.r.JenaConnect] 'type' - 'tdb'
2012-03-13 08:30:44.579 INFO  [o.v.h.q.Qualify] Qualify: End
2012-03-13 08:30:45.453 INFO  [o.v.h.t.Transfer] Transfer: Start
2012-03-13 08:30:45.458 DEBUG [o.v.h.u.a.ArgList] running Transfer
2012-03-13 08:30:45.459 DEBUG [o.v.h.u.a.ArgList] command line args: -i harvested-data.model.xml -d data/harvested-data/exported-records.rdf.xml
2012-03-13 08:30:45.485 TRACE [o.v.h.u.r.JenaConnect] 'dbDir' - 'data/harvested-data/'
2012-03-13 08:30:45.486 TRACE [o.v.h.u.r.JenaConnect] 'type' - 'tdb'
2012-03-13 08:30:46.290 TRACE [o.v.h.u.r.MemJenaConnect] attempting to create temp file for: DEFAULT2138101542
2012-03-13 08:30:46.307 TRACE [o.v.h.u.FileAide] Allocating temporary file space /tmp/DEFAULT21381015422229163117472918387.tdb  
2012-03-13 08:30:46.307 TRACE [o.v.h.u.r.MemJenaConnect] created: /tmp/DEFAULT21381015422229163117472918387.tdb
2012-03-13 08:30:46.334 DEBUG [o.v.h.t.Transfer] No Output Specified, Using In-Memory Jena Model As Temporary Model
2012-03-13 08:30:51.412 INFO  [o.v.h.t.Transfer] Transfer: End
2012-03-13 08:30:51.461 WARN  [o.v.h.u.FileAide] Failed to delete temporary file space /tmp/DEFAULT21381015422229163117472918387.tdb, please remove manually  
