2012-03-14 09:38:46.388 INFO  [o.v.h.t.XSLTranslator] XSLTranslator: Start
2012-03-14 09:38:46.392 DEBUG [o.v.h.u.a.ArgList] running XSLTranslator
2012-03-14 09:38:46.393 DEBUG [o.v.h.u.a.ArgList] command line args: -X xsltranslator.config.xml
2012-03-14 09:38:46.398 DEBUG [o.v.h.u.a.ArgList] config file args: --input raw-records.config.xml --xslFile ctsaip-to-vivo.datamap.xsl --force --output translated-records.config.xml
2012-03-14 09:38:46.404 DEBUG [o.v.h.u.r.RecordHandler] 'fileDir' - '/home/drspeedo/VIVO/ctsaip-data'
2012-03-14 09:38:46.404 DEBUG [o.v.h.u.r.RecordHandler] 'rhClass' - 'org.vivoweb.harvester.util.repo.TextFileRecordHandler'
2012-03-14 09:38:46.405 DEBUG [o.v.h.u.r.RecordHandler] Using class: 'org.vivoweb.harvester.util.repo.TextFileRecordHandler'
2012-03-14 09:38:46.411 DEBUG [o.v.h.u.r.RecordHandler] 'fileDir' - 'data/translated-records'
2012-03-14 09:38:46.411 DEBUG [o.v.h.u.r.RecordHandler] 'rhClass' - 'org.vivoweb.harvester.util.repo.TextFileRecordHandler'
2012-03-14 09:38:46.411 DEBUG [o.v.h.u.r.RecordHandler] Using class: 'org.vivoweb.harvester.util.repo.TextFileRecordHandler'
2012-03-14 09:38:46.411 DEBUG [o.v.h.u.r.TextFileRecordHandler] Directory 'data/translated-records' Does Not Exist, attempting to create
2012-03-14 09:38:46.414 DEBUG [o.v.h.u.r.TextFileRecordHandler] Directory 'data/translated-records/.metadata' Does Not Exist, attempting to create
2012-03-14 09:38:46.420 DEBUG [o.v.h.u.r.TextFileRecordHandler] Compiling list of records
2012-03-14 09:38:46.424 DEBUG [o.v.h.u.r.TextFileRecordHandler] List compiled
2012-03-14 09:38:46.694 TRACE [o.v.h.t.XSLTranslator] Translating Record ctsai-data-file.xml
2012-03-14 09:38:49.502 INFO  [o.v.h.t.XSLTranslator] 1 records translated.
2012-03-14 09:38:49.502 INFO  [o.v.h.t.XSLTranslator] 0 records did not need translation
2012-03-14 09:38:49.503 INFO  [o.v.h.t.XSLTranslator] XSLTranslator: End
2012-03-14 09:38:50.355 INFO  [o.v.h.t.Transfer] Transfer: Start
2012-03-14 09:38:50.360 DEBUG [o.v.h.u.a.ArgList] running Transfer
2012-03-14 09:38:50.361 DEBUG [o.v.h.u.a.ArgList] command line args: -s translated-records.config.xml -o harvested-data.model.xml -d data/harvested-data/imported-records.rdf.xml
2012-03-14 09:38:50.377 TRACE [o.v.h.u.r.JenaConnect] 'dbDir' - 'data/harvested-data/'
2012-03-14 09:38:50.377 TRACE [o.v.h.u.r.JenaConnect] 'type' - 'tdb'
2012-03-14 09:38:51.251 DEBUG [o.v.h.u.r.RecordHandler] 'fileDir' - 'data/translated-records'
2012-03-14 09:38:51.252 DEBUG [o.v.h.u.r.RecordHandler] 'rhClass' - 'org.vivoweb.harvester.util.repo.TextFileRecordHandler'
2012-03-14 09:38:51.252 DEBUG [o.v.h.u.r.RecordHandler] Using class: 'org.vivoweb.harvester.util.repo.TextFileRecordHandler'
2012-03-14 09:38:51.254 DEBUG [o.v.h.u.r.TextFileRecordHandler] Compiling list of records
2012-03-14 09:38:51.256 DEBUG [o.v.h.u.r.TextFileRecordHandler] List compiled
2012-03-14 09:38:51.446 TRACE [o.v.h.u.r.JenaConnect] loading record: ctsai-data-file.xml
2012-03-14 09:38:59.080 INFO  [o.v.h.t.Transfer] Transfer: End
2012-03-14 09:38:59.951 INFO  [o.v.h.t.Transfer] Transfer: Start
2012-03-14 09:38:59.956 DEBUG [o.v.h.u.a.ArgList] running Transfer
2012-03-14 09:38:59.957 DEBUG [o.v.h.u.a.ArgList] command line args: -i harvested-data.model.xml -d data/harvested-data/exported-records.rdf.xml
2012-03-14 09:38:59.972 TRACE [o.v.h.u.r.JenaConnect] 'dbDir' - 'data/harvested-data/'
2012-03-14 09:38:59.973 TRACE [o.v.h.u.r.JenaConnect] 'type' - 'tdb'
2012-03-14 09:39:00.824 TRACE [o.v.h.u.r.MemJenaConnect] attempting to create temp file for: DEFAULT115076609
2012-03-14 09:39:00.825 TRACE [o.v.h.u.FileAide] Allocating temporary file space /tmp/DEFAULT1150766098939264909988033289.tdb  
2012-03-14 09:39:00.825 TRACE [o.v.h.u.r.MemJenaConnect] created: /tmp/DEFAULT1150766098939264909988033289.tdb
2012-03-14 09:39:00.858 DEBUG [o.v.h.t.Transfer] No Output Specified, Using In-Memory Jena Model As Temporary Model
2012-03-14 09:39:05.983 INFO  [o.v.h.t.Transfer] Transfer: End
2012-03-14 09:39:06.040 WARN  [o.v.h.u.FileAide] Failed to delete temporary file space /tmp/DEFAULT1150766098939264909988033289.tdb, please remove manually  
