2012-03-13 08:31:27.430 INFO  [o.v.h.t.XSLTranslator] XSLTranslator: Start
2012-03-13 08:31:27.444 DEBUG [o.v.h.u.a.ArgList] running XSLTranslator
2012-03-13 08:31:27.445 DEBUG [o.v.h.u.a.ArgList] command line args: -X xsltranslator.config.xml
2012-03-13 08:31:27.451 DEBUG [o.v.h.u.a.ArgList] config file args: --input raw-records.config.xml --xslFile ctsaip-to-vivo.datamap.xsl --force --output translated-records.config.xml
2012-03-13 08:31:27.457 DEBUG [o.v.h.u.r.RecordHandler] 'fileDir' - '/home/drspeedo/VIVO/ctsaip-data'
2012-03-13 08:31:27.457 DEBUG [o.v.h.u.r.RecordHandler] 'rhClass' - 'org.vivoweb.harvester.util.repo.TextFileRecordHandler'
2012-03-13 08:31:27.457 DEBUG [o.v.h.u.r.RecordHandler] Using class: 'org.vivoweb.harvester.util.repo.TextFileRecordHandler'
2012-03-13 08:31:27.463 DEBUG [o.v.h.u.r.RecordHandler] 'fileDir' - 'data/translated-records'
2012-03-13 08:31:27.463 DEBUG [o.v.h.u.r.RecordHandler] 'rhClass' - 'org.vivoweb.harvester.util.repo.TextFileRecordHandler'
2012-03-13 08:31:27.463 DEBUG [o.v.h.u.r.RecordHandler] Using class: 'org.vivoweb.harvester.util.repo.TextFileRecordHandler'
2012-03-13 08:31:27.464 DEBUG [o.v.h.u.r.TextFileRecordHandler] Directory 'data/translated-records' Does Not Exist, attempting to create
2012-03-13 08:31:27.468 DEBUG [o.v.h.u.r.TextFileRecordHandler] Directory 'data/translated-records/.metadata' Does Not Exist, attempting to create
2012-03-13 08:31:27.474 DEBUG [o.v.h.u.r.TextFileRecordHandler] Compiling list of records
2012-03-13 08:31:27.479 DEBUG [o.v.h.u.r.TextFileRecordHandler] List compiled
2012-03-13 08:31:27.735 TRACE [o.v.h.t.XSLTranslator] Translating Record ctsai-data-file.xml
2012-03-13 08:31:30.267 INFO  [o.v.h.t.XSLTranslator] 1 records translated.
2012-03-13 08:31:30.267 INFO  [o.v.h.t.XSLTranslator] 0 records did not need translation
2012-03-13 08:31:30.267 INFO  [o.v.h.t.XSLTranslator] XSLTranslator: End
2012-03-13 08:31:31.079 INFO  [o.v.h.t.Transfer] Transfer: Start
2012-03-13 08:31:31.084 DEBUG [o.v.h.u.a.ArgList] running Transfer
2012-03-13 08:31:31.085 DEBUG [o.v.h.u.a.ArgList] command line args: -s translated-records.config.xml -o harvested-data.model.xml -d data/harvested-data/imported-records.rdf.xml
2012-03-13 08:31:31.111 TRACE [o.v.h.u.r.JenaConnect] 'dbDir' - 'data/harvested-data/'
2012-03-13 08:31:31.111 TRACE [o.v.h.u.r.JenaConnect] 'type' - 'tdb'
2012-03-13 08:31:31.959 DEBUG [o.v.h.u.r.RecordHandler] 'fileDir' - 'data/translated-records'
2012-03-13 08:31:31.960 DEBUG [o.v.h.u.r.RecordHandler] 'rhClass' - 'org.vivoweb.harvester.util.repo.TextFileRecordHandler'
2012-03-13 08:31:31.960 DEBUG [o.v.h.u.r.RecordHandler] Using class: 'org.vivoweb.harvester.util.repo.TextFileRecordHandler'
2012-03-13 08:31:31.963 DEBUG [o.v.h.u.r.TextFileRecordHandler] Compiling list of records
2012-03-13 08:31:31.967 DEBUG [o.v.h.u.r.TextFileRecordHandler] List compiled
2012-03-13 08:31:32.170 TRACE [o.v.h.u.r.JenaConnect] loading record: ctsai-data-file.xml
2012-03-13 08:31:39.321 INFO  [o.v.h.t.Transfer] Transfer: End
2012-03-13 08:31:40.211 INFO  [o.v.h.q.Qualify] Qualify: Start
2012-03-13 08:31:40.215 DEBUG [o.v.h.u.a.ArgList] running Qualify
2012-03-13 08:31:40.216 DEBUG [o.v.h.u.a.ArgList] command line args: -X qualify.conf.xml
2012-03-13 08:31:40.221 DEBUG [o.v.h.u.a.ArgList] config file args: --dataType http://purl.org/ontology/bibo/abstract --value   --regexMatch (<br>) --jenaConfig harvested-data.model.xml --wordiness ALL
2012-03-13 08:31:40.233 TRACE [o.v.h.u.r.JenaConnect] 'dbDir' - 'data/harvested-data/'
2012-03-13 08:31:40.233 TRACE [o.v.h.u.r.JenaConnect] 'type' - 'tdb'
2012-03-13 08:31:41.061 INFO  [o.v.h.q.Qualify] Qualify: End
2012-03-13 08:31:41.891 INFO  [o.v.h.t.Transfer] Transfer: Start
2012-03-13 08:31:41.896 DEBUG [o.v.h.u.a.ArgList] running Transfer
2012-03-13 08:31:41.897 DEBUG [o.v.h.u.a.ArgList] command line args: -i harvested-data.model.xml -d data/harvested-data/exported-records.rdf.xml
2012-03-13 08:31:41.913 TRACE [o.v.h.u.r.JenaConnect] 'dbDir' - 'data/harvested-data/'
2012-03-13 08:31:41.913 TRACE [o.v.h.u.r.JenaConnect] 'type' - 'tdb'
2012-03-13 08:31:42.729 TRACE [o.v.h.u.r.MemJenaConnect] attempting to create temp file for: DEFAULT703627477
2012-03-13 08:31:42.730 TRACE [o.v.h.u.FileAide] Allocating temporary file space /tmp/DEFAULT7036274773337930993676593069.tdb  
2012-03-13 08:31:42.730 TRACE [o.v.h.u.r.MemJenaConnect] created: /tmp/DEFAULT7036274773337930993676593069.tdb
2012-03-13 08:31:42.773 DEBUG [o.v.h.t.Transfer] No Output Specified, Using In-Memory Jena Model As Temporary Model
2012-03-13 08:31:47.855 INFO  [o.v.h.t.Transfer] Transfer: End
2012-03-13 08:31:47.895 WARN  [o.v.h.u.FileAide] Failed to delete temporary file space /tmp/DEFAULT7036274773337930993676593069.tdb, please remove manually  
