2012-03-14 09:17:39.742 INFO  [o.v.h.t.XSLTranslator] XSLTranslator: Start
2012-03-14 09:17:39.747 DEBUG [o.v.h.u.a.ArgList] running XSLTranslator
2012-03-14 09:17:39.748 DEBUG [o.v.h.u.a.ArgList] command line args: -X xsltranslator.config.xml
2012-03-14 09:17:39.752 DEBUG [o.v.h.u.a.ArgList] config file args: --input raw-records.config.xml --xslFile ctsaip-to-vivo.datamap.xsl --force --output translated-records.config.xml
2012-03-14 09:17:39.760 DEBUG [o.v.h.u.r.RecordHandler] 'fileDir' - '/home/drspeedo/VIVO/ctsaip-data'
2012-03-14 09:17:39.760 DEBUG [o.v.h.u.r.RecordHandler] 'rhClass' - 'org.vivoweb.harvester.util.repo.TextFileRecordHandler'
2012-03-14 09:17:39.760 DEBUG [o.v.h.u.r.RecordHandler] Using class: 'org.vivoweb.harvester.util.repo.TextFileRecordHandler'
2012-03-14 09:17:39.766 DEBUG [o.v.h.u.r.RecordHandler] 'fileDir' - 'data/translated-records'
2012-03-14 09:17:39.766 DEBUG [o.v.h.u.r.RecordHandler] 'rhClass' - 'org.vivoweb.harvester.util.repo.TextFileRecordHandler'
2012-03-14 09:17:39.766 DEBUG [o.v.h.u.r.RecordHandler] Using class: 'org.vivoweb.harvester.util.repo.TextFileRecordHandler'
2012-03-14 09:17:39.767 DEBUG [o.v.h.u.r.TextFileRecordHandler] Directory 'data/translated-records' Does Not Exist, attempting to create
2012-03-14 09:17:39.769 DEBUG [o.v.h.u.r.TextFileRecordHandler] Directory 'data/translated-records/.metadata' Does Not Exist, attempting to create
2012-03-14 09:17:39.775 DEBUG [o.v.h.u.r.TextFileRecordHandler] Compiling list of records
2012-03-14 09:17:39.780 DEBUG [o.v.h.u.r.TextFileRecordHandler] List compiled
2012-03-14 09:17:40.025 TRACE [o.v.h.t.XSLTranslator] Translating Record ctsai-data-file.xml
2012-03-14 09:17:40.489 ERROR [o.v.h.t.XSLTranslator] javax.xml.transform.TransformerConfigurationException: Failed to compile stylesheet. 1 error detected.
2012-03-14 09:17:40.494 DEBUG [o.v.h.t.XSLTranslator] Stacktrace:
java.io.IOException: javax.xml.transform.TransformerConfigurationException: Failed to compile stylesheet. 1 error detected.
	at org.vivoweb.harvester.translate.XSLTranslator.xmlTranslate(XSLTranslator.java:178) ~[harvester.jar:na]
	at org.vivoweb.harvester.translate.XSLTranslator.execute(XSLTranslator.java:146) ~[harvester.jar:na]
	at org.vivoweb.harvester.translate.XSLTranslator.main(XSLTranslator.java:209) ~[harvester.jar:na]
Caused by: javax.xml.transform.TransformerConfigurationException: Failed to compile stylesheet. 1 error detected.
	at net.sf.saxon.PreparedStylesheet.prepare(PreparedStylesheet.java:140) ~[saxon-8.7.jar:na]
	at net.sf.saxon.TransformerFactoryImpl.newTemplates(TransformerFactoryImpl.java:135) ~[saxon-8.7.jar:na]
	at net.sf.saxon.TransformerFactoryImpl.newTransformer(TransformerFactoryImpl.java:86) ~[saxon-8.7.jar:na]
	at org.vivoweb.harvester.translate.XSLTranslator.xmlTranslate(XSLTranslator.java:176) ~[harvester.jar:na]
	... 2 common frames omitted
2012-03-14 09:17:40.495 INFO  [o.v.h.t.XSLTranslator] XSLTranslator: End
