2012-03-14 09:43:48.698 INFO  [o.v.h.t.XSLTranslator] XSLTranslator: Start
2012-03-14 09:43:48.703 DEBUG [o.v.h.u.a.ArgList] running XSLTranslator
2012-03-14 09:43:48.703 DEBUG [o.v.h.u.a.ArgList] command line args: -X xsltranslator.config.xml
2012-03-14 09:43:48.708 DEBUG [o.v.h.u.a.ArgList] config file args: --input raw-records.config.xml --xslFile ctsaip-to-vivo.datamap.xsl --force --output translated-records.config.xml
2012-03-14 09:43:48.714 DEBUG [o.v.h.u.r.RecordHandler] 'fileDir' - '/home/drspeedo/VIVO/ctsaip-data'
2012-03-14 09:43:48.715 DEBUG [o.v.h.u.r.RecordHandler] 'rhClass' - 'org.vivoweb.harvester.util.repo.TextFileRecordHandler'
2012-03-14 09:43:48.715 DEBUG [o.v.h.u.r.RecordHandler] Using class: 'org.vivoweb.harvester.util.repo.TextFileRecordHandler'
2012-03-14 09:43:48.721 DEBUG [o.v.h.u.r.RecordHandler] 'fileDir' - 'data/translated-records'
2012-03-14 09:43:48.721 DEBUG [o.v.h.u.r.RecordHandler] 'rhClass' - 'org.vivoweb.harvester.util.repo.TextFileRecordHandler'
2012-03-14 09:43:48.721 DEBUG [o.v.h.u.r.RecordHandler] Using class: 'org.vivoweb.harvester.util.repo.TextFileRecordHandler'
2012-03-14 09:43:48.721 DEBUG [o.v.h.u.r.TextFileRecordHandler] Directory 'data/translated-records' Does Not Exist, attempting to create
2012-03-14 09:43:48.724 DEBUG [o.v.h.u.r.TextFileRecordHandler] Directory 'data/translated-records/.metadata' Does Not Exist, attempting to create
2012-03-14 09:43:48.729 DEBUG [o.v.h.u.r.TextFileRecordHandler] Compiling list of records
2012-03-14 09:43:48.732 DEBUG [o.v.h.u.r.TextFileRecordHandler] List compiled
2012-03-14 09:43:49.021 TRACE [o.v.h.t.XSLTranslator] Translating Record ctsai-data-file.xml
2012-03-14 09:43:51.836 INFO  [o.v.h.t.XSLTranslator] 1 records translated.
2012-03-14 09:43:51.836 INFO  [o.v.h.t.XSLTranslator] 0 records did not need translation
2012-03-14 09:43:51.836 INFO  [o.v.h.t.XSLTranslator] XSLTranslator: End
2012-03-14 09:43:52.706 INFO  [o.v.h.t.Transfer] Transfer: Start
2012-03-14 09:43:52.711 DEBUG [o.v.h.u.a.ArgList] running Transfer
2012-03-14 09:43:52.722 DEBUG [o.v.h.u.a.ArgList] command line args: -s translated-records.config.xml -o harvested-data.model.xml -d data/harvested-data/imported-records.rdf.xml
2012-03-14 09:43:52.739 TRACE [o.v.h.u.r.JenaConnect] 'dbDir' - 'data/harvested-data/'
2012-03-14 09:43:52.740 TRACE [o.v.h.u.r.JenaConnect] 'type' - 'tdb'
2012-03-14 09:43:53.625 DEBUG [o.v.h.u.r.RecordHandler] 'fileDir' - 'data/translated-records'
2012-03-14 09:43:53.626 DEBUG [o.v.h.u.r.RecordHandler] 'rhClass' - 'org.vivoweb.harvester.util.repo.TextFileRecordHandler'
2012-03-14 09:43:53.626 DEBUG [o.v.h.u.r.RecordHandler] Using class: 'org.vivoweb.harvester.util.repo.TextFileRecordHandler'
2012-03-14 09:43:53.629 DEBUG [o.v.h.u.r.TextFileRecordHandler] Compiling list of records
2012-03-14 09:43:53.631 DEBUG [o.v.h.u.r.TextFileRecordHandler] List compiled
2012-03-14 09:43:53.820 TRACE [o.v.h.u.r.JenaConnect] loading record: ctsai-data-file.xml
2012-03-14 09:44:01.159 INFO  [o.v.h.t.Transfer] Transfer: End
2012-03-14 09:44:02.908 INFO  [o.v.h.t.Transfer] Transfer: Start
2012-03-14 09:44:02.913 DEBUG [o.v.h.u.a.ArgList] running Transfer
2012-03-14 09:44:02.914 DEBUG [o.v.h.u.a.ArgList] command line args: -i harvested-data.model.xml -d data/harvested-data/exported-records.rdf.xml
2012-03-14 09:44:02.930 TRACE [o.v.h.u.r.JenaConnect] 'dbDir' - 'data/harvested-data/'
2012-03-14 09:44:02.930 TRACE [o.v.h.u.r.JenaConnect] 'type' - 'tdb'
2012-03-14 09:44:03.781 TRACE [o.v.h.u.r.MemJenaConnect] attempting to create temp file for: DEFAULT36394809
2012-03-14 09:44:03.782 TRACE [o.v.h.u.FileAide] Allocating temporary file space /tmp/DEFAULT363948097577111815143860849.tdb  
2012-03-14 09:44:03.782 TRACE [o.v.h.u.r.MemJenaConnect] created: /tmp/DEFAULT363948097577111815143860849.tdb
2012-03-14 09:44:03.801 DEBUG [o.v.h.t.Transfer] No Output Specified, Using In-Memory Jena Model As Temporary Model
2012-03-14 09:44:09.108 INFO  [o.v.h.t.Transfer] Transfer: End
2012-03-14 09:44:09.141 WARN  [o.v.h.u.FileAide] Failed to delete temporary file space /tmp/DEFAULT363948097577111815143860849.tdb, please remove manually  
