2012-03-14 09:17:28.637 INFO  [o.v.h.t.XSLTranslator] XSLTranslator: Start
2012-03-14 09:17:28.642 DEBUG [o.v.h.u.a.ArgList] running XSLTranslator
2012-03-14 09:17:28.643 DEBUG [o.v.h.u.a.ArgList] command line args: -X xsltranslator.config.xml
2012-03-14 09:17:28.647 DEBUG [o.v.h.u.a.ArgList] config file args: --input raw-records.config.xml --xslFile ctsaip-to-vivo.datamap.xsl --force --output translated-records.config.xml
2012-03-14 09:17:28.654 DEBUG [o.v.h.u.r.RecordHandler] 'fileDir' - '/home/drspeedo/VIVO/ctsaip-data'
2012-03-14 09:17:28.655 DEBUG [o.v.h.u.r.RecordHandler] 'rhClass' - 'org.vivoweb.harvester.util.repo.TextFileRecordHandler'
2012-03-14 09:17:28.655 DEBUG [o.v.h.u.r.RecordHandler] Using class: 'org.vivoweb.harvester.util.repo.TextFileRecordHandler'
2012-03-14 09:17:28.660 DEBUG [o.v.h.u.r.RecordHandler] 'fileDir' - 'data/translated-records'
2012-03-14 09:17:28.661 DEBUG [o.v.h.u.r.RecordHandler] 'rhClass' - 'org.vivoweb.harvester.util.repo.TextFileRecordHandler'
2012-03-14 09:17:28.661 DEBUG [o.v.h.u.r.RecordHandler] Using class: 'org.vivoweb.harvester.util.repo.TextFileRecordHandler'
2012-03-14 09:17:28.661 DEBUG [o.v.h.u.r.TextFileRecordHandler] Directory 'data/translated-records' Does Not Exist, attempting to create
2012-03-14 09:17:28.664 DEBUG [o.v.h.u.r.TextFileRecordHandler] Directory 'data/translated-records/.metadata' Does Not Exist, attempting to create
2012-03-14 09:17:28.669 DEBUG [o.v.h.u.r.TextFileRecordHandler] Compiling list of records
2012-03-14 09:17:28.673 DEBUG [o.v.h.u.r.TextFileRecordHandler] List compiled
2012-03-14 09:17:28.925 TRACE [o.v.h.t.XSLTranslator] Translating Record ctsai-data-file.xml
2012-03-14 09:17:29.385 ERROR [o.v.h.t.XSLTranslator] javax.xml.transform.TransformerConfigurationException: Failed to compile stylesheet. 1 error detected.
2012-03-14 09:17:29.391 DEBUG [o.v.h.t.XSLTranslator] Stacktrace:
java.io.IOException: javax.xml.transform.TransformerConfigurationException: Failed to compile stylesheet. 1 error detected.
	at org.vivoweb.harvester.translate.XSLTranslator.xmlTranslate(XSLTranslator.java:178) ~[harvester.jar:na]
	at org.vivoweb.harvester.translate.XSLTranslator.execute(XSLTranslator.java:146) ~[harvester.jar:na]
	at org.vivoweb.harvester.translate.XSLTranslator.main(XSLTranslator.java:209) ~[harvester.jar:na]
Caused by: javax.xml.transform.TransformerConfigurationException: Failed to compile stylesheet. 1 error detected.
	at net.sf.saxon.PreparedStylesheet.prepare(PreparedStylesheet.java:140) ~[saxon-8.7.jar:na]
	at net.sf.saxon.TransformerFactoryImpl.newTemplates(TransformerFactoryImpl.java:135) ~[saxon-8.7.jar:na]
	at net.sf.saxon.TransformerFactoryImpl.newTransformer(TransformerFactoryImpl.java:86) ~[saxon-8.7.jar:na]
	at org.vivoweb.harvester.translate.XSLTranslator.xmlTranslate(XSLTranslator.java:176) ~[harvester.jar:na]
	... 2 common frames omitted
2012-03-14 09:17:29.391 INFO  [o.v.h.t.XSLTranslator] XSLTranslator: End
